0 info it worked if it ends with ok
1 verbose cli [ '/Users/jennleung/.nvm/versions/node/v8.1.2/bin/node',
1 verbose cli   '/Users/jennleung/.nvm/versions/node/v8.1.2/bin/npm',
1 verbose cli   'start' ]
2 info using npm@3.8.9
3 info using node@v8.1.2
4 verbose run-script [ 'prestart', 'start', 'poststart' ]
5 info lifecycle coffee@0.1.0~prestart: coffee@0.1.0
6 silly lifecycle coffee@0.1.0~prestart: no script for prestart, continuing
7 info lifecycle coffee@0.1.0~start: coffee@0.1.0
8 verbose lifecycle coffee@0.1.0~start: unsafe-perm in lifecycle true
9 verbose lifecycle coffee@0.1.0~start: PATH: /Users/jennleung/.nvm/versions/node/v8.1.2/lib/node_modules/npm/bin/node-gyp-bin:/Users/jennleung/jennguam.github.io/node_modules/.bin:/Users/jennleung/.nvm/versions/node/v8.1.2/bin:/Users/jennleung/.nvm/versions/node/v8.1.2/bin:/usr/local/go/bin:/usr/local/bin:/usr/bin:/bin:/usr/sbin:/sbin
10 verbose lifecycle coffee@0.1.0~start: CWD: /Users/jennleung/jennguam.github.io
11 silly lifecycle coffee@0.1.0~start: Args: [ '-c', 'react-scripts start' ]
12 silly lifecycle coffee@0.1.0~start: Returned: code: 1  signal: null
13 info lifecycle coffee@0.1.0~start: Failed to exec start script
14 verbose stack Error: coffee@0.1.0 start: `react-scripts start`
14 verbose stack Exit status 1
14 verbose stack     at EventEmitter.<anonymous> (/Users/jennleung/.nvm/versions/node/v8.1.2/lib/node_modules/npm/lib/utils/lifecycle.js:245:16)
14 verbose stack     at emitTwo (events.js:125:13)
14 verbose stack     at EventEmitter.emit (events.js:213:7)
14 verbose stack     at ChildProcess.<anonymous> (/Users/jennleung/.nvm/versions/node/v8.1.2/lib/node_modules/npm/lib/utils/spawn.js:24:14)
14 verbose stack     at emitTwo (events.js:125:13)
14 verbose stack     at ChildProcess.emit (events.js:213:7)
14 verbose stack     at maybeClose (internal/child_process.js:897:16)
14 verbose stack     at Process.ChildProcess._handle.onexit (internal/child_process.js:208:5)
15 verbose pkgid coffee@0.1.0
16 verbose cwd /Users/jennleung/jennguam.github.io
17 error Darwin 16.1.0
18 error argv "/Users/jennleung/.nvm/versions/node/v8.1.2/bin/node" "/Users/jennleung/.nvm/versions/node/v8.1.2/bin/npm" "start"
19 error node v8.1.2
20 error npm  v3.8.9
21 error code ELIFECYCLE
22 error coffee@0.1.0 start: `react-scripts start`
22 error Exit status 1
23 error Failed at the coffee@0.1.0 start script 'react-scripts start'.
23 error Make sure you have the latest version of node.js and npm installed.
23 error If you do, this is most likely a problem with the coffee package,
23 error not with npm itself.
23 error Tell the author that this fails on your system:
23 error     react-scripts start
23 error You can get information on how to open an issue for this project with:
23 error     npm bugs coffee
23 error Or if that isn't available, you can get their info via:
23 error     npm owner ls coffee
23 error There is likely additional logging output above.
24 verbose exit [ 1, true ]
